# JRE version: Java(TM) SE Runtime Environment (8.0_25-b18) (build 1.8.0_25-b18)
# Java VM: Java HotSpot(TM) Client VM (25.25-b02 mixed mode windows-x86 )
Heap:
 def new generation   total 40000K, used 21372K [0x05200000, 0x07d60000, 0x0a750000)
  eden space 35584K,  47% used [0x05200000, 0x062a6370, 0x074c0000)
  from space 4416K,  97% used [0x07910000, 0x07d48f30, 0x07d60000)
  to   space 4416K,   0% used [0x074c0000, 0x074c0000, 0x07910000)
 tenured generation   total 88672K, used 53200K [0x0a750000, 0x0fde8000, 0x15200000)
   the space 88672K,  59% used [0x0a750000, 0x0db44358, 0x0db44400, 0x0fde8000)
 Metaspace       used 8715K, capacity 8840K, committed 8960K, reserved 9600K
GC Heap History (10 events):
Event: 2.795 GC heap before
{Heap before GC invocations=14 (full 3):
 def new generation   total 16000K, used 10947K [0x05200000, 0x06350000, 0x0a750000)
  eden space 14272K,  76% used [0x05200000, 0x05cadf18, 0x05ff0000)
  from space 1728K,   0% used [0x061a0000, 0x061a2dc8, 0x06350000)
  to   space 1728K,   0% used [0x05ff0000, 0x05ff0000, 0x061a0000)
 tenured generation   total 35228K, used 30080K [0x0a750000, 0x0c9b7000, 0x15200000)
   the space 35228K,  85% used [0x0a750000, 0x0c4b0168, 0x0c4b0200, 0x0c9b7000)
 Metaspace       used 7901K, capacity 8006K, committed 8064K, reserved 8576K
Event: 2.796 GC heap after
Heap after GC invocations=15 (full 3):
 def new generation   total 16000K, used 1K [0x05200000, 0x06350000, 0x0a750000)
  eden space 14272K,   0% used [0x05200000, 0x05200000, 0x05ff0000)
  from space 1728K,   0% used [0x05ff0000, 0x05ff06c8, 0x061a0000)
  to   space 1728K,   0% used [0x061a0000, 0x061a0000, 0x06350000)
 tenured generation   total 35228K, used 30080K [0x0a750000, 0x0c9b7000, 0x15200000)
   the space 35228K,  85% used [0x0a750000, 0x0c4b0168, 0x0c4b0200, 0x0c9b7000)
 Metaspace       used 7901K, capacity 8006K, committed 8064K, reserved 8576K
}
Event: 2.833 GC heap before
{Heap before GC invocations=15 (full 3):
 def new generation   total 16000K, used 9227K [0x05200000, 0x06350000, 0x0a750000)
  eden space 14272K,  64% used [0x05200000, 0x05b02838, 0x05ff0000)
  from space 1728K,   0% used [0x05ff0000, 0x05ff06c8, 0x061a0000)
  to   space 1728K,   0% used [0x061a0000, 0x061a0000, 0x06350000)
 tenured generation   total 35228K, used 30080K [0x0a750000, 0x0c9b7000, 0x15200000)
   the space 35228K,  85% used [0x0a750000, 0x0c4b0168, 0x0c4b0200, 0x0c9b7000)
 Metaspace       used 7906K, capacity 8006K, committed 8064K, reserved 8576K
Event: 2.850 GC heap after
Heap after GC invocations=16 (full 4):
 def new generation   total 22144K, used 0K [0x05200000, 0x06a00000, 0x0a750000)
  eden space 19712K,   0% used [0x05200000, 0x05200000, 0x06540000)
  from space 2432K,   0% used [0x06540000, 0x06540000, 0x067a0000)
  to   space 2432K,   0% used [0x067a0000, 0x067a0000, 0x06a00000)
 tenured generation   total 48944K, used 29366K [0x0a750000, 0x0d71c000, 0x15200000)
   the space 48944K,  59% used [0x0a750000, 0x0c3fd880, 0x0c3fda00, 0x0d71c000)
 Metaspace       used 7906K, capacity 8006K, committed 8064K, reserved 8576K
}
Event: 2.900 GC heap before
{Heap before GC invocations=16 (full 4):
 def new generation   total 22144K, used 16774K [0x05200000, 0x06a00000, 0x0a750000)
  eden space 19712K,  85% used [0x05200000, 0x062619b0, 0x06540000)
  from space 2432K,   0% used [0x06540000, 0x06540000, 0x067a0000)
  to   space 2432K,   0% used [0x067a0000, 0x067a0000, 0x06a00000)
 tenured generation   total 48944K, used 29366K [0x0a750000, 0x0d71c000, 0x15200000)
   the space 48944K,  59% used [0x0a750000, 0x0c3fd880, 0x0c3fda00, 0x0d71c000)
 Metaspace       used 8054K, capacity 8166K, committed 8192K, reserved 8576K
Event: 2.906 GC heap after
Heap after GC invocations=17 (full 4):
 def new generation   total 22144K, used 10K [0x05200000, 0x06a00000, 0x0a750000)
  eden space 19712K,   0% used [0x05200000, 0x05200000, 0x06540000)
  from space 2432K,   0% used [0x067a0000, 0x067a2a98, 0x06a00000)
  to   space 2432K,   0% used [0x06540000, 0x06540000, 0x067a0000)
 tenured generation   total 48944K, used 45750K [0x0a750000, 0x0d71c000, 0x15200000)
   the space 48944K,  93% used [0x0a750000, 0x0d3fd890, 0x0d3fda00, 0x0d71c000)
 Metaspace       used 8054K, capacity 8166K, committed 8192K, reserved 8576K
}
Event: 2.911 GC heap before
{Heap before GC invocations=17 (full 4):
 def new generation   total 22144K, used 16783K [0x05200000, 0x06a00000, 0x0a750000)
  eden space 19712K,  85% used [0x05200000, 0x062612d8, 0x06540000)
  from space 2432K,   0% used [0x067a0000, 0x067a2a98, 0x06a00000)
  to   space 2432K,   0% used [0x06540000, 0x06540000, 0x067a0000)
 tenured generation   total 48944K, used 45750K [0x0a750000, 0x0d71c000, 0x15200000)
   the space 48944K,  93% used [0x0a750000, 0x0d3fd890, 0x0d3fda00, 0x0d71c000)
 Metaspace       used 8054K, capacity 8166K, committed 8192K, reserved 8576K
Event: 2.933 GC heap after
Heap after GC invocations=18 (full 5):
 def new generation   total 40000K, used 0K [0x05200000, 0x07d60000, 0x0a750000)
  eden space 35584K,   0% used [0x05200000, 0x05200000, 0x074c0000)
  from space 4416K,   0% used [0x074c0000, 0x074c0000, 0x07910000)
  to   space 4416K,   0% used [0x07910000, 0x07910000, 0x07d60000)
 tenured generation   total 88672K, used 53200K [0x0a750000, 0x0fde8000, 0x15200000)
   the space 88672K,  59% used [0x0a750000, 0x0db44358, 0x0db44400, 0x0fde8000)
 Metaspace       used 8054K, capacity 8166K, committed 8192K, reserved 8576K
}
Event: 3.083 GC heap before
{Heap before GC invocations=18 (full 5):
 def new generation   total 40000K, used 35117K [0x05200000, 0x07d60000, 0x0a750000)
  eden space 35584K,  98% used [0x05200000, 0x0744b768, 0x074c0000)
  from space 4416K,   0% used [0x074c0000, 0x074c0000, 0x07910000)
  to   space 4416K,   0% used [0x07910000, 0x07910000, 0x07d60000)
 tenured generation   total 88672K, used 53200K [0x0a750000, 0x0fde8000, 0x15200000)
   the space 88672K,  59% used [0x0a750000, 0x0db44358, 0x0db44400, 0x0fde8000)
 Metaspace       used 8054K, capacity 8166K, committed 8192K, reserved 8576K
Event: 3.086 GC heap after
Heap after GC invocations=19 (full 5):
 def new generation   total 40000K, used 4323K [0x05200000, 0x07d60000, 0x0a750000)
  eden space 35584K,   0% used [0x05200000, 0x05200000, 0x074c0000)
  from space 4416K,  97% used [0x07910000, 0x07d48f30, 0x07d60000)
  to   space 4416K,   0% used [0x074c0000, 0x074c0000, 0x07910000)
 tenured generation   total 88672K, used 53200K [0x0a750000, 0x0fde8000, 0x15200000)
   the space 88672K,  59% used [0x0a750000, 0x0db44358, 0x0db44400, 0x0fde8000)
 Metaspace       used 8054K, capacity 8166K, committed 8192K, reserved 8576K
}

